==================== Training Configuration ====================
dataset: ML1m
hiddenSize: 100
epoch: 20
batch_size: 32
lr: 0.001
lr_dc: 0.1
lr_dc_step: 3
l2: 1e-05
n_layers: 2
n_heads: 2
dropout_local: 0.2
max_len: 200
mask_prob: 0.2
patience: 3
rgrec_weight: 0.6
===============================================================
Found pre-trained model. Loading...

=== RGRec Evaluation Phase ===
RGRec Nudge Weight (w): 0.6

========================= BASE MODEL (SASRec) =========================
Total Contexts: 6035
---------------------------------------------------------------------------
Metric       | Global Avg | Top 20% HD   | Top 10% HD   | Top 5% HD   
---------------------------------------------------------------------------
Recall@5     | 0.1084     | 0.1135       | 0.1192       | 0.1457      
MRR@5        | 0.0543     | 0.0524       | 0.0486       | 0.0617      
TCC@5        | 0.3492     | 0.6126       | 0.6861       | 0.7179      
Recall@10    | 0.1775     | 0.2013       | 0.2185       | 0.2616      
MRR@10       | 0.0632     | 0.0637       | 0.0612       | 0.0762      
TCC@10       | 0.3362     | 0.6003       | 0.6742       | 0.7076      
---------------------------------------------------------------------------
Avg HD (Top 5%): 0.88
===========================================================================


========================= RGRec (w=0.6) =========================
Total Contexts: 6035
---------------------------------------------------------------------------
Metric       | Global Avg | Top 20% HD   | Top 10% HD   | Top 5% HD   
---------------------------------------------------------------------------
Recall@5     | 0.0593     | 0.0696       | 0.0745       | 0.0993      
MRR@5        | 0.0304     | 0.0332       | 0.0341       | 0.0474      
TCC@5        | 0.0995     | 0.2396       | 0.3450       | 0.4338      
Recall@10    | 0.0969     | 0.1201       | 0.1374       | 0.1589      
MRR@10       | 0.0353     | 0.0397       | 0.0420       | 0.0545      
TCC@10       | 0.1073     | 0.2428       | 0.3470       | 0.4387      
---------------------------------------------------------------------------
Avg HD (Top 5%): 0.88
===========================================================================

