==================== Training Configuration ====================
dataset: Amazon
hiddenSize: 100
epoch: 20
batch_size: 32
lr: 0.001
lr_dc: 0.1
lr_dc_step: 3
l2: 1e-05
n_layers: 2
n_heads: 2
dropout_local: 0.2
max_len: 200
mask_prob: 0.2
patience: 3
rgrec_weight: 0.2
===============================================================
Found pre-trained model. Loading...

=== RGRec Evaluation Phase ===
RGRec Nudge Weight (w): 0.2

========================= BASE MODEL (SASRec) =========================
Total Contexts: 65002
---------------------------------------------------------------------------
Metric       | Global Avg | Top 20% HD   | Top 10% HD   | Top 5% HD   
---------------------------------------------------------------------------
Recall@5     | 0.0278     | 0.1078       | 0.1431       | 0.1507      
MRR@5        | 0.0144     | 0.0563       | 0.0745       | 0.0795      
TCC@5        | 0.4401     | 0.9269       | 0.9647       | 0.9699      
Recall@10    | 0.0438     | 0.1681       | 0.2198       | 0.2298      
MRR@10       | 0.0165     | 0.0642       | 0.0846       | 0.0900      
TCC@10       | 0.4334     | 0.9208       | 0.9576       | 0.9625      
---------------------------------------------------------------------------
Avg HD (Top 5%): 1.00
===========================================================================


========================= RGRec (w=0.2) =========================
Total Contexts: 65002
---------------------------------------------------------------------------
Metric       | Global Avg | Top 20% HD   | Top 10% HD   | Top 5% HD   
---------------------------------------------------------------------------
Recall@5     | 0.0140     | 0.0490       | 0.0574       | 0.0606      
MRR@5        | 0.0054     | 0.0178       | 0.0188       | 0.0203      
TCC@5        | 0.1142     | 0.2306       | 0.2462       | 0.2589      
Recall@10    | 0.0367     | 0.1381       | 0.1781       | 0.1879      
MRR@10       | 0.0084     | 0.0297       | 0.0350       | 0.0373      
TCC@10       | 0.3058     | 0.6090       | 0.6212       | 0.6269      
---------------------------------------------------------------------------
Avg HD (Top 5%): 1.00
===========================================================================

