==================== Training Configuration ====================
dataset: Amazon
hiddenSize: 100
epoch: 20
batch_size: 32
lr: 0.001
lr_dc: 0.1
lr_dc_step: 8
l2: 1e-05
n_layers: 2
n_heads: 2
dropout_local: 0.2
max_len: 200
mask_prob: 0.2
validation: False
valid_portion: 0.1
patience: 3
n_communities: 5
controllable_steps: 1
===============================================================
Loading data...

=== Phase 1: Training Base RS (Filter Bubble Formation) ===

========================= MODEL PERFORMANCE (Ep4) =========================
Total Contexts: 65002
---------------------------------------------------------------------------
Metric       | Global Avg | Top 20% HD   | Top 10% HD   | Top 5% HD   
---------------------------------------------------------------------------
Recall@5     | 0.0347     | 0.1308       | 0.1647       | 0.1738      
Recall@10    | 0.0533     | 0.1978       | 0.2490       | 0.2590      
MRR@5        | 0.0177     | 0.0663       | 0.0846       | 0.0917      
MRR@10       | 0.0201     | 0.0751       | 0.0956       | 0.1029      
TCC@5        | 0.4617     | 0.9232       | 0.9552       | 0.9618      
TCC@10       | 0.4540     | 0.9194       | 0.9504       | 0.9566      
---------------------------------------------------------------------------
Avg HD (Top 5%): 1.00
===========================================================================


========================= MODEL PERFORMANCE (Ep9) =========================
Total Contexts: 65002
---------------------------------------------------------------------------
Metric       | Global Avg | Top 20% HD   | Top 10% HD   | Top 5% HD   
---------------------------------------------------------------------------
Recall@5     | 0.0422     | 0.1666       | 0.2129       | 0.2159      
Recall@10    | 0.0610     | 0.2381       | 0.3013       | 0.3076      
MRR@5        | 0.0223     | 0.0887       | 0.1160       | 0.1196      
MRR@10       | 0.0248     | 0.0982       | 0.1277       | 0.1318      
TCC@5        | 0.4482     | 0.9239       | 0.9652       | 0.9705      
TCC@10       | 0.4364     | 0.9175       | 0.9562       | 0.9612      
---------------------------------------------------------------------------
Avg HD (Top 5%): 1.00
===========================================================================


========================= MODEL PERFORMANCE (Ep14) =========================
Total Contexts: 65002
---------------------------------------------------------------------------
Metric       | Global Avg | Top 20% HD   | Top 10% HD   | Top 5% HD   
---------------------------------------------------------------------------
Recall@5     | 0.0430     | 0.1719       | 0.2195       | 0.2227      
Recall@10    | 0.0605     | 0.2392       | 0.3023       | 0.3076      
MRR@5        | 0.0229     | 0.0926       | 0.1211       | 0.1237      
MRR@10       | 0.0253     | 0.1015       | 0.1320       | 0.1349      
TCC@5        | 0.4411     | 0.9207       | 0.9629       | 0.9694      
TCC@10       | 0.4286     | 0.9136       | 0.9539       | 0.9590      
---------------------------------------------------------------------------
Avg HD (Top 5%): 1.00
===========================================================================


========================= MODEL PERFORMANCE (Ep19) =========================
Total Contexts: 65002
---------------------------------------------------------------------------
Metric       | Global Avg | Top 20% HD   | Top 10% HD   | Top 5% HD   
---------------------------------------------------------------------------
Recall@5     | 0.0429     | 0.1719       | 0.2200       | 0.2249      
Recall@10    | 0.0607     | 0.2395       | 0.3047       | 0.3116      
MRR@5        | 0.0231     | 0.0934       | 0.1219       | 0.1259      
MRR@10       | 0.0255     | 0.1024       | 0.1333       | 0.1374      
TCC@5        | 0.4377     | 0.9177       | 0.9615       | 0.9677      
TCC@10       | 0.4250     | 0.9109       | 0.9520       | 0.9577      
---------------------------------------------------------------------------
Avg HD (Top 5%): 1.00
===========================================================================


>>> Base Model Risk Profile:

========================= MODEL PERFORMANCE (Base) =========================
Total Contexts: 65002
---------------------------------------------------------------------------
Metric       | Global Avg | Top 20% HD   | Top 10% HD   | Top 5% HD   
---------------------------------------------------------------------------
Recall@5     | 0.0422     | 0.1666       | 0.2129       | 0.2159      
Recall@10    | 0.0610     | 0.2381       | 0.3013       | 0.3076      
MRR@5        | 0.0223     | 0.0887       | 0.1160       | 0.1196      
MRR@10       | 0.0248     | 0.0982       | 0.1277       | 0.1318      
TCC@5        | 0.4482     | 0.9239       | 0.9652       | 0.9705      
TCC@10       | 0.4364     | 0.9175       | 0.9562       | 0.9612      
---------------------------------------------------------------------------
Avg HD (Top 5%): 1.00
===========================================================================


=== Phase 2: Controllable Exposure Strategy ===

[Controllable Step 1/1]
[Agent] Analyzing graph structure to select exposure edges...
[Data] Injecting 65261 controllable exposure edges to break filter bubbles...
[Data] Successfully updated 65261 sequences. Refreshing dataset tensors...
Fine-tuning on exposed data...
>>> Step 1 Risk Profile:

========================= MODEL PERFORMANCE (Control_S1) =========================
Total Contexts: 65002
---------------------------------------------------------------------------
Metric       | Global Avg | Top 20% HD   | Top 10% HD   | Top 5% HD   
---------------------------------------------------------------------------
Recall@5     | 0.0421     | 0.1662       | 0.2118       | 0.2156      
Recall@10    | 0.0610     | 0.2391       | 0.3013       | 0.3091      
MRR@5        | 0.0220     | 0.0874       | 0.1135       | 0.1181      
MRR@10       | 0.0245     | 0.0970       | 0.1254       | 0.1304      
TCC@5        | 0.4452     | 0.9217       | 0.9635       | 0.9696      
TCC@10       | 0.4334     | 0.9145       | 0.9540       | 0.9597      
---------------------------------------------------------------------------
Avg HD (Top 5%): 1.00
===========================================================================

