==================== Training Configuration ====================
dataset: ML1m
hiddenSize: 100
epoch: 1
batch_size: 32
lr: 0.001
lr_dc: 0.1
lr_dc_step: 8
l2: 1e-05
n_layers: 2
n_heads: 2
dropout_local: 0.2
max_len: 200
mask_prob: 0.2
validation: False
valid_portion: 0.1
patience: 3
n_communities: 5
controllable_steps: 30
===============================================================
Loading data...

=== Phase 1: Training Base RS (Filter Bubble Formation) ===
Loading pre-trained base model...

>>> Base Model Risk Profile:

========================= MODEL PERFORMANCE (Base) =========================
Total Contexts: 6035
---------------------------------------------------------------------------
Metric       | Global Avg | Top 20% HD   | Top 10% HD   | Top 5% HD   
---------------------------------------------------------------------------
Recall@5     | 0.0557     | 0.0597       | 0.0662       | 0.0530      
Recall@10    | 0.0900     | 0.1036       | 0.1109       | 0.1093      
MRR@5        | 0.0269     | 0.0300       | 0.0343       | 0.0223      
MRR@10       | 0.0314     | 0.0357       | 0.0400       | 0.0295      
TCC@5        | 0.2119     | 0.3317       | 0.3980       | 0.4344      
TCC@10       | 0.2114     | 0.3256       | 0.3841       | 0.4195      
---------------------------------------------------------------------------
Avg HD (Top 5%): 0.88
===========================================================================


=== Phase 2: Controllable Exposure Strategy ===

[Controllable Step 1/30]
[Agent] Analyzing graph structure to select exposure edges...
[Data] Injecting 6035 controllable exposure edges to break filter bubbles...
[Data] Successfully updated 6035 sequences. Refreshing dataset tensors...
Fine-tuning on exposed data...
