==================== Training Configuration ====================
dataset: Steam
hiddenSize: 100
epoch: 20
batch_size: 32
lr: 0.001
lr_dc: 0.1
lr_dc_step: 8
l2: 1e-05
n_layers: 2
n_heads: 2
dropout_local: 0.2
max_len: 200
mask_prob: 0.2
validation: False
valid_portion: 0.1
patience: 3
n_communities: 5
controllable_steps: 1
===============================================================
Loading data...

=== Phase 1: Training Base RS (Filter Bubble Formation) ===

========================= MODEL PERFORMANCE (Ep4) =========================
Total Contexts: 39795
---------------------------------------------------------------------------
Metric       | Global Avg | Top 20% HD   | Top 10% HD   | Top 5% HD   
---------------------------------------------------------------------------
Recall@5     | 0.1194     | 0.1230       | 0.1204       | 0.1131      
Recall@10    | 0.1563     | 0.1623       | 0.1613       | 0.1523      
MRR@5        | 0.0897     | 0.0920       | 0.0908       | 0.0870      
MRR@10       | 0.0945     | 0.0971       | 0.0962       | 0.0922      
TCC@5        | 0.3300     | 0.4526       | 0.4989       | 0.5568      
TCC@10       | 0.3203     | 0.4344       | 0.4782       | 0.5355      
---------------------------------------------------------------------------
Avg HD (Top 5%): 0.64
===========================================================================


========================= MODEL PERFORMANCE (Ep9) =========================
Total Contexts: 39795
---------------------------------------------------------------------------
Metric       | Global Avg | Top 20% HD   | Top 10% HD   | Top 5% HD   
---------------------------------------------------------------------------
Recall@5     | 0.1262     | 0.1323       | 0.1314       | 0.1261      
Recall@10    | 0.1652     | 0.1731       | 0.1721       | 0.1658      
MRR@5        | 0.0939     | 0.0971       | 0.0954       | 0.0918      
MRR@10       | 0.0990     | 0.1024       | 0.1008       | 0.0971      
TCC@5        | 0.3559     | 0.4919       | 0.5417       | 0.5996      
TCC@10       | 0.3423     | 0.4692       | 0.5167       | 0.5757      
---------------------------------------------------------------------------
Avg HD (Top 5%): 0.64
===========================================================================


========================= MODEL PERFORMANCE (Ep14) =========================
Total Contexts: 39795
---------------------------------------------------------------------------
Metric       | Global Avg | Top 20% HD   | Top 10% HD   | Top 5% HD   
---------------------------------------------------------------------------
Recall@5     | 0.1262     | 0.1312       | 0.1309       | 0.1246      
Recall@10    | 0.1652     | 0.1741       | 0.1731       | 0.1668      
MRR@5        | 0.0941     | 0.0964       | 0.0952       | 0.0910      
MRR@10       | 0.0992     | 0.1021       | 0.1008       | 0.0967      
TCC@5        | 0.3557     | 0.4918       | 0.5392       | 0.5956      
TCC@10       | 0.3414     | 0.4670       | 0.5137       | 0.5727      
---------------------------------------------------------------------------
Avg HD (Top 5%): 0.64
===========================================================================


========================= MODEL PERFORMANCE (Ep19) =========================
Total Contexts: 39795
---------------------------------------------------------------------------
Metric       | Global Avg | Top 20% HD   | Top 10% HD   | Top 5% HD   
---------------------------------------------------------------------------
Recall@5     | 0.1271     | 0.1324       | 0.1314       | 0.1261      
Recall@10    | 0.1659     | 0.1746       | 0.1724       | 0.1668      
MRR@5        | 0.0945     | 0.0972       | 0.0958       | 0.0925      
MRR@10       | 0.0996     | 0.1028       | 0.1012       | 0.0978      
TCC@5        | 0.3548     | 0.4899       | 0.5372       | 0.5929      
TCC@10       | 0.3404     | 0.4658       | 0.5129       | 0.5718      
---------------------------------------------------------------------------
Avg HD (Top 5%): 0.64
===========================================================================


>>> Base Model Risk Profile:

========================= MODEL PERFORMANCE (Base) =========================
Total Contexts: 39795
---------------------------------------------------------------------------
Metric       | Global Avg | Top 20% HD   | Top 10% HD   | Top 5% HD   
---------------------------------------------------------------------------
Recall@5     | 0.1271     | 0.1324       | 0.1314       | 0.1261      
Recall@10    | 0.1659     | 0.1746       | 0.1724       | 0.1668      
MRR@5        | 0.0945     | 0.0972       | 0.0958       | 0.0925      
MRR@10       | 0.0996     | 0.1028       | 0.1012       | 0.0978      
TCC@5        | 0.3548     | 0.4899       | 0.5372       | 0.5929      
TCC@10       | 0.3404     | 0.4658       | 0.5129       | 0.5718      
---------------------------------------------------------------------------
Avg HD (Top 5%): 0.64
===========================================================================


=== Phase 2: Controllable Exposure Strategy ===

[Controllable Step 1/1]
[Agent] Analyzing graph structure to select exposure edges...
[Data] Injecting 39795 controllable exposure edges to break filter bubbles...
[Data] Successfully updated 39795 sequences. Refreshing dataset tensors...
Fine-tuning on exposed data...
>>> Step 1 Risk Profile:

========================= MODEL PERFORMANCE (Control_S1) =========================
Total Contexts: 39795
---------------------------------------------------------------------------
Metric       | Global Avg | Top 20% HD   | Top 10% HD   | Top 5% HD   
---------------------------------------------------------------------------
Recall@5     | 0.1269     | 0.1327       | 0.1314       | 0.1256      
Recall@10    | 0.1654     | 0.1734       | 0.1726       | 0.1658      
MRR@5        | 0.0944     | 0.0970       | 0.0955       | 0.0919      
MRR@10       | 0.0995     | 0.1024       | 0.1009       | 0.0971      
TCC@5        | 0.3537     | 0.4883       | 0.5364       | 0.5934      
TCC@10       | 0.3389     | 0.4644       | 0.5122       | 0.5720      
---------------------------------------------------------------------------
Avg HD (Top 5%): 0.64
===========================================================================

