==================== Training Configuration ====================
dataset: ML1m
hiddenSize: 100
epoch: 20
batch_size: 16
lr: 0.001
lr_dc: 0.1
lr_dc_step: 8
l2: 1e-05
n_layers: 2
n_heads: 2
dropout_local: 0
max_len: 200
mask_prob: 0.2
validation: False
valid_portion: 0.1
patience: 3
n_communities: 5
controllable_steps: 30
===============================================================
Loading data...

=== Phase 1: Training Base RS (Filter Bubble Formation) ===
Loading pre-trained base model...

>>> Base Model Risk Profile:

========================= MODEL PERFORMANCE (Base) =========================
Total Contexts: 6035
---------------------------------------------------------------------------
Metric       | Global Avg | Top 20% HD   | Top 10% HD   | Top 5% HD   
---------------------------------------------------------------------------
Recall@5     | 0.0557     | 0.0597       | 0.0662       | 0.0530      
Recall@10    | 0.0900     | 0.1036       | 0.1109       | 0.1093      
MRR@5        | 0.0269     | 0.0300       | 0.0343       | 0.0223      
MRR@10       | 0.0314     | 0.0357       | 0.0400       | 0.0295      
TCC@5        | 0.2119     | 0.3317       | 0.3980       | 0.4344      
TCC@10       | 0.2114     | 0.3256       | 0.3841       | 0.4195      
---------------------------------------------------------------------------
Avg HD (Top 5%): 0.88
===========================================================================


=== Phase 2: Controllable Exposure Strategy ===

[Controllable Step 1/30]
[Agent] Analyzing graph structure to select exposure edges...
[Data] Injecting 6035 controllable exposure edges to break filter bubbles...
[Data] Successfully updated 6035 sequences. Refreshing dataset tensors...
Fine-tuning on exposed data...
>>> Step 1 Risk Profile:

========================= MODEL PERFORMANCE (Control_S1) =========================
Total Contexts: 6035
---------------------------------------------------------------------------
Metric       | Global Avg | Top 20% HD   | Top 10% HD   | Top 5% HD   
---------------------------------------------------------------------------
Recall@5     | 0.1223     | 0.1342       | 0.1474       | 0.1556      
Recall@10    | 0.1990     | 0.2146       | 0.2417       | 0.2616      
MRR@5        | 0.0621     | 0.0671       | 0.0672       | 0.0704      
MRR@10       | 0.0722     | 0.0774       | 0.0797       | 0.0842      
TCC@5        | 0.3454     | 0.5947       | 0.6864       | 0.7364      
TCC@10       | 0.3345     | 0.5867       | 0.6823       | 0.7384      
---------------------------------------------------------------------------
Avg HD (Top 5%): 0.88
===========================================================================


[Controllable Step 2/30]
[Agent] Analyzing graph structure to select exposure edges...
[Data] Injecting 6035 controllable exposure edges to break filter bubbles...
[Data] Successfully updated 6035 sequences. Refreshing dataset tensors...
Fine-tuning on exposed data...
>>> Step 2 Risk Profile:

========================= MODEL PERFORMANCE (Control_S2) =========================
Total Contexts: 6035
---------------------------------------------------------------------------
Metric       | Global Avg | Top 20% HD   | Top 10% HD   | Top 5% HD   
---------------------------------------------------------------------------
Recall@5     | 0.1294     | 0.1326       | 0.1457       | 0.1457      
Recall@10    | 0.2018     | 0.2204       | 0.2483       | 0.2616      
MRR@5        | 0.0652     | 0.0677       | 0.0752       | 0.0693      
MRR@10       | 0.0748     | 0.0794       | 0.0888       | 0.0846      
TCC@5        | 0.3092     | 0.5410       | 0.6195       | 0.6841      
TCC@10       | 0.3025     | 0.5336       | 0.6189       | 0.6851      
---------------------------------------------------------------------------
Avg HD (Top 5%): 0.88
===========================================================================


[Controllable Step 3/30]
[Agent] Analyzing graph structure to select exposure edges...
[Data] Injecting 6035 controllable exposure edges to break filter bubbles...
[Data] Successfully updated 6035 sequences. Refreshing dataset tensors...
Fine-tuning on exposed data...
>>> Step 3 Risk Profile:

========================= MODEL PERFORMANCE (Control_S3) =========================
Total Contexts: 6035
---------------------------------------------------------------------------
Metric       | Global Avg | Top 20% HD   | Top 10% HD   | Top 5% HD   
---------------------------------------------------------------------------
Recall@5     | 0.1337     | 0.1359       | 0.1490       | 0.1490      
Recall@10    | 0.2068     | 0.2154       | 0.2351       | 0.2483      
MRR@5        | 0.0712     | 0.0674       | 0.0819       | 0.0869      
MRR@10       | 0.0809     | 0.0781       | 0.0937       | 0.1004      
TCC@5        | 0.2921     | 0.5148       | 0.5987       | 0.6656      
TCC@10       | 0.2882     | 0.5115       | 0.5942       | 0.6649      
---------------------------------------------------------------------------
Avg HD (Top 5%): 0.88
===========================================================================


[Controllable Step 4/30]
[Agent] Analyzing graph structure to select exposure edges...
[Data] Injecting 6035 controllable exposure edges to break filter bubbles...
[Data] Successfully updated 6035 sequences. Refreshing dataset tensors...
Fine-tuning on exposed data...
>>> Step 4 Risk Profile:

========================= MODEL PERFORMANCE (Control_S4) =========================
Total Contexts: 6035
---------------------------------------------------------------------------
Metric       | Global Avg | Top 20% HD   | Top 10% HD   | Top 5% HD   
---------------------------------------------------------------------------
Recall@5     | 0.1392     | 0.1433       | 0.1589       | 0.1821      
Recall@10    | 0.2146     | 0.2320       | 0.2550       | 0.2881      
MRR@5        | 0.0767     | 0.0757       | 0.0839       | 0.0890      
MRR@10       | 0.0868     | 0.0875       | 0.0967       | 0.1031      
TCC@5        | 0.2935     | 0.5226       | 0.6103       | 0.6728      
TCC@10       | 0.2893     | 0.5156       | 0.6013       | 0.6669      
---------------------------------------------------------------------------
Avg HD (Top 5%): 0.88
===========================================================================


[Controllable Step 5/30]
[Agent] Analyzing graph structure to select exposure edges...
[Data] Injecting 6035 controllable exposure edges to break filter bubbles...
[Data] Successfully updated 6035 sequences. Refreshing dataset tensors...
Fine-tuning on exposed data...
>>> Step 5 Risk Profile:

========================= MODEL PERFORMANCE (Control_S5) =========================
Total Contexts: 6035
---------------------------------------------------------------------------
Metric       | Global Avg | Top 20% HD   | Top 10% HD   | Top 5% HD   
---------------------------------------------------------------------------
Recall@5     | 0.1466     | 0.1549       | 0.1755       | 0.1821      
Recall@10    | 0.2192     | 0.2295       | 0.2550       | 0.2550      
MRR@5        | 0.0815     | 0.0857       | 0.0954       | 0.0902      
MRR@10       | 0.0911     | 0.0955       | 0.1059       | 0.1001      
TCC@5        | 0.2928     | 0.5097       | 0.5947       | 0.6702      
TCC@10       | 0.2877     | 0.5066       | 0.5914       | 0.6669      
---------------------------------------------------------------------------
Avg HD (Top 5%): 0.88
===========================================================================


[Controllable Step 6/30]
[Agent] Analyzing graph structure to select exposure edges...
[Data] Injecting 6035 controllable exposure edges to break filter bubbles...
[Data] Successfully updated 6035 sequences. Refreshing dataset tensors...
Fine-tuning on exposed data...
>>> Step 6 Risk Profile:

========================= MODEL PERFORMANCE (Control_S6) =========================
Total Contexts: 6035
---------------------------------------------------------------------------
Metric       | Global Avg | Top 20% HD   | Top 10% HD   | Top 5% HD   
---------------------------------------------------------------------------
Recall@5     | 0.1443     | 0.1558       | 0.1656       | 0.1722      
Recall@10    | 0.2182     | 0.2394       | 0.2566       | 0.2781      
MRR@5        | 0.0808     | 0.0860       | 0.0891       | 0.0884      
MRR@10       | 0.0907     | 0.0973       | 0.1015       | 0.1029      
TCC@5        | 0.2913     | 0.5188       | 0.6106       | 0.6834      
TCC@10       | 0.2868     | 0.5098       | 0.6040       | 0.6755      
---------------------------------------------------------------------------
Avg HD (Top 5%): 0.88
===========================================================================


[Controllable Step 7/30]
[Agent] Analyzing graph structure to select exposure edges...
[Data] Injecting 6035 controllable exposure edges to break filter bubbles...
[Data] Successfully updated 6035 sequences. Refreshing dataset tensors...
Fine-tuning on exposed data...
>>> Step 7 Risk Profile:

========================= MODEL PERFORMANCE (Control_S7) =========================
Total Contexts: 6035
---------------------------------------------------------------------------
Metric       | Global Avg | Top 20% HD   | Top 10% HD   | Top 5% HD   
---------------------------------------------------------------------------
Recall@5     | 0.1450     | 0.1392       | 0.1540       | 0.1656      
Recall@10    | 0.2166     | 0.2295       | 0.2450       | 0.2649      
MRR@5        | 0.0822     | 0.0796       | 0.0881       | 0.0828      
MRR@10       | 0.0915     | 0.0917       | 0.1005       | 0.0961      
TCC@5        | 0.2817     | 0.4999       | 0.5877       | 0.6629      
TCC@10       | 0.2773     | 0.4903       | 0.5796       | 0.6523      
---------------------------------------------------------------------------
Avg HD (Top 5%): 0.88
===========================================================================


[Controllable Step 8/30]
[Agent] Analyzing graph structure to select exposure edges...
[Data] Injecting 6035 controllable exposure edges to break filter bubbles...
[Data] Successfully updated 6035 sequences. Refreshing dataset tensors...
Fine-tuning on exposed data...
>>> Step 8 Risk Profile:

========================= MODEL PERFORMANCE (Control_S8) =========================
Total Contexts: 6035
---------------------------------------------------------------------------
Metric       | Global Avg | Top 20% HD   | Top 10% HD   | Top 5% HD   
---------------------------------------------------------------------------
Recall@5     | 0.1488     | 0.1433       | 0.1639       | 0.1755      
Recall@10    | 0.2197     | 0.2411       | 0.2649       | 0.2881      
MRR@5        | 0.0839     | 0.0800       | 0.0952       | 0.0956      
MRR@10       | 0.0933     | 0.0927       | 0.1083       | 0.1102      
TCC@5        | 0.2705     | 0.4903       | 0.5815       | 0.6437      
TCC@10       | 0.2696     | 0.4836       | 0.5712       | 0.6341      
---------------------------------------------------------------------------
Avg HD (Top 5%): 0.88
===========================================================================


[Controllable Step 9/30]
[Agent] Analyzing graph structure to select exposure edges...
[Data] Injecting 6035 controllable exposure edges to break filter bubbles...
[Data] Successfully updated 6035 sequences. Refreshing dataset tensors...
Fine-tuning on exposed data...
>>> Step 9 Risk Profile:

========================= MODEL PERFORMANCE (Control_S9) =========================
Total Contexts: 6035
---------------------------------------------------------------------------
Metric       | Global Avg | Top 20% HD   | Top 10% HD   | Top 5% HD   
---------------------------------------------------------------------------
Recall@5     | 0.1491     | 0.1599       | 0.1722       | 0.1722      
Recall@10    | 0.2119     | 0.2295       | 0.2401       | 0.2649      
MRR@5        | 0.0833     | 0.0904       | 0.0957       | 0.0856      
MRR@10       | 0.0915     | 0.0998       | 0.1051       | 0.0982      
TCC@5        | 0.2678     | 0.4867       | 0.5728       | 0.6391      
TCC@10       | 0.2645     | 0.4770       | 0.5647       | 0.6358      
---------------------------------------------------------------------------
Avg HD (Top 5%): 0.88
===========================================================================


[Controllable Step 10/30]
[Agent] Analyzing graph structure to select exposure edges...
[Data] Injecting 6035 controllable exposure edges to break filter bubbles...
[Data] Successfully updated 6035 sequences. Refreshing dataset tensors...
Fine-tuning on exposed data...
>>> Step 10 Risk Profile:

========================= MODEL PERFORMANCE (Control_S10) =========================
Total Contexts: 6035
---------------------------------------------------------------------------
Metric       | Global Avg | Top 20% HD   | Top 10% HD   | Top 5% HD   
---------------------------------------------------------------------------
Recall@5     | 0.1425     | 0.1483       | 0.1540       | 0.1556      
Recall@10    | 0.2113     | 0.2287       | 0.2483       | 0.2649      
MRR@5        | 0.0801     | 0.0822       | 0.0908       | 0.0809      
MRR@10       | 0.0892     | 0.0928       | 0.1034       | 0.0949      
TCC@5        | 0.2725     | 0.4903       | 0.5781       | 0.6457      
TCC@10       | 0.2670     | 0.4816       | 0.5667       | 0.6348      
---------------------------------------------------------------------------
Avg HD (Top 5%): 0.88
===========================================================================


[Controllable Step 11/30]
[Agent] Analyzing graph structure to select exposure edges...
[Data] Injecting 6035 controllable exposure edges to break filter bubbles...
[Data] Successfully updated 6035 sequences. Refreshing dataset tensors...
Fine-tuning on exposed data...
>>> Step 11 Risk Profile:

========================= MODEL PERFORMANCE (Control_S11) =========================
Total Contexts: 6035
---------------------------------------------------------------------------
Metric       | Global Avg | Top 20% HD   | Top 10% HD   | Top 5% HD   
---------------------------------------------------------------------------
Recall@5     | 0.1458     | 0.1558       | 0.1772       | 0.1755      
Recall@10    | 0.2106     | 0.2270       | 0.2533       | 0.2616      
MRR@5        | 0.0821     | 0.0877       | 0.1021       | 0.0946      
MRR@10       | 0.0907     | 0.0970       | 0.1120       | 0.1057      
TCC@5        | 0.2702     | 0.4767       | 0.5619       | 0.6192      
TCC@10       | 0.2643     | 0.4705       | 0.5556       | 0.6132      
---------------------------------------------------------------------------
Avg HD (Top 5%): 0.88
===========================================================================


[Controllable Step 12/30]
[Agent] Analyzing graph structure to select exposure edges...
[Data] Injecting 6035 controllable exposure edges to break filter bubbles...
[Data] Successfully updated 6035 sequences. Refreshing dataset tensors...
Fine-tuning on exposed data...
>>> Step 12 Risk Profile:

========================= MODEL PERFORMANCE (Control_S12) =========================
Total Contexts: 6035
---------------------------------------------------------------------------
Metric       | Global Avg | Top 20% HD   | Top 10% HD   | Top 5% HD   
---------------------------------------------------------------------------
Recall@5     | 0.1407     | 0.1417       | 0.1606       | 0.1656      
Recall@10    | 0.2085     | 0.2204       | 0.2351       | 0.2583      
MRR@5        | 0.0778     | 0.0750       | 0.0903       | 0.0802      
MRR@10       | 0.0868     | 0.0853       | 0.1002       | 0.0928      
TCC@5        | 0.2629     | 0.4878       | 0.5834       | 0.6510      
TCC@10       | 0.2622     | 0.4817       | 0.5719       | 0.6387      
---------------------------------------------------------------------------
Avg HD (Top 5%): 0.88
===========================================================================


[Controllable Step 13/30]
[Agent] Analyzing graph structure to select exposure edges...
[Data] Injecting 6035 controllable exposure edges to break filter bubbles...
[Data] Successfully updated 6035 sequences. Refreshing dataset tensors...
Fine-tuning on exposed data...
>>> Step 13 Risk Profile:

========================= MODEL PERFORMANCE (Control_S13) =========================
Total Contexts: 6035
---------------------------------------------------------------------------
Metric       | Global Avg | Top 20% HD   | Top 10% HD   | Top 5% HD   
---------------------------------------------------------------------------
Recall@5     | 0.1372     | 0.1400       | 0.1656       | 0.1755      
Recall@10    | 0.2075     | 0.2220       | 0.2517       | 0.2583      
MRR@5        | 0.0770     | 0.0740       | 0.0876       | 0.0813      
MRR@10       | 0.0863     | 0.0848       | 0.0987       | 0.0923      
TCC@5        | 0.2698     | 0.4762       | 0.5493       | 0.6073      
TCC@10       | 0.2660     | 0.4670       | 0.5437       | 0.5997      
---------------------------------------------------------------------------
Avg HD (Top 5%): 0.88
===========================================================================


[Controllable Step 14/30]
[Agent] Analyzing graph structure to select exposure edges...
[Data] Injecting 6035 controllable exposure edges to break filter bubbles...
[Data] Successfully updated 6035 sequences. Refreshing dataset tensors...
Fine-tuning on exposed data...
>>> Step 14 Risk Profile:

========================= MODEL PERFORMANCE (Control_S14) =========================
Total Contexts: 6035
---------------------------------------------------------------------------
Metric       | Global Avg | Top 20% HD   | Top 10% HD   | Top 5% HD   
---------------------------------------------------------------------------
Recall@5     | 0.1372     | 0.1367       | 0.1556       | 0.1556      
Recall@10    | 0.2038     | 0.2138       | 0.2450       | 0.2682      
MRR@5        | 0.0768     | 0.0758       | 0.0932       | 0.0837      
MRR@10       | 0.0855     | 0.0859       | 0.1048       | 0.0986      
TCC@5        | 0.2710     | 0.4865       | 0.5646       | 0.6225      
TCC@10       | 0.2681     | 0.4788       | 0.5579       | 0.6099      
---------------------------------------------------------------------------
Avg HD (Top 5%): 0.88
===========================================================================


[Controllable Step 15/30]
[Agent] Analyzing graph structure to select exposure edges...
[Data] Injecting 6035 controllable exposure edges to break filter bubbles...
[Data] Successfully updated 6035 sequences. Refreshing dataset tensors...
Fine-tuning on exposed data...
>>> Step 15 Risk Profile:

========================= MODEL PERFORMANCE (Control_S15) =========================
Total Contexts: 6035
---------------------------------------------------------------------------
Metric       | Global Avg | Top 20% HD   | Top 10% HD   | Top 5% HD   
---------------------------------------------------------------------------
Recall@5     | 0.1357     | 0.1400       | 0.1672       | 0.1689      
Recall@10    | 0.2015     | 0.2154       | 0.2417       | 0.2583      
MRR@5        | 0.0775     | 0.0782       | 0.0930       | 0.0820      
MRR@10       | 0.0862     | 0.0881       | 0.1024       | 0.0935      
TCC@5        | 0.2717     | 0.4885       | 0.5775       | 0.6404      
TCC@10       | 0.2665     | 0.4754       | 0.5657       | 0.6252      
---------------------------------------------------------------------------
Avg HD (Top 5%): 0.88
===========================================================================


[Controllable Step 16/30]
[Agent] Analyzing graph structure to select exposure edges...
[Data] Injecting 6035 controllable exposure edges to break filter bubbles...
[Data] Successfully updated 6035 sequences. Refreshing dataset tensors...
Fine-tuning on exposed data...
>>> Step 16 Risk Profile:

========================= MODEL PERFORMANCE (Control_S16) =========================
Total Contexts: 6035
---------------------------------------------------------------------------
Metric       | Global Avg | Top 20% HD   | Top 10% HD   | Top 5% HD   
---------------------------------------------------------------------------
Recall@5     | 0.1364     | 0.1425       | 0.1656       | 0.1722      
Recall@10    | 0.2008     | 0.2212       | 0.2450       | 0.2616      
MRR@5        | 0.0756     | 0.0788       | 0.0977       | 0.0927      
MRR@10       | 0.0842     | 0.0893       | 0.1085       | 0.1050      
TCC@5        | 0.2704     | 0.4833       | 0.5811       | 0.6430      
TCC@10       | 0.2642     | 0.4789       | 0.5743       | 0.6334      
---------------------------------------------------------------------------
Avg HD (Top 5%): 0.88
===========================================================================


[Controllable Step 17/30]
[Agent] Analyzing graph structure to select exposure edges...
[Data] Injecting 6035 controllable exposure edges to break filter bubbles...
[Data] Successfully updated 6035 sequences. Refreshing dataset tensors...
Fine-tuning on exposed data...
>>> Step 17 Risk Profile:

========================= MODEL PERFORMANCE (Control_S17) =========================
Total Contexts: 6035
---------------------------------------------------------------------------
Metric       | Global Avg | Top 20% HD   | Top 10% HD   | Top 5% HD   
---------------------------------------------------------------------------
Recall@5     | 0.1374     | 0.1326       | 0.1440       | 0.1490      
Recall@10    | 0.2050     | 0.2179       | 0.2417       | 0.2483      
MRR@5        | 0.0776     | 0.0715       | 0.0827       | 0.0771      
MRR@10       | 0.0865     | 0.0827       | 0.0959       | 0.0905      
TCC@5        | 0.2686     | 0.4792       | 0.5546       | 0.6053      
TCC@10       | 0.2654     | 0.4678       | 0.5459       | 0.5851      
---------------------------------------------------------------------------
Avg HD (Top 5%): 0.88
===========================================================================


[Controllable Step 18/30]
[Agent] Analyzing graph structure to select exposure edges...
[Data] Injecting 6035 controllable exposure edges to break filter bubbles...
[Data] Successfully updated 6035 sequences. Refreshing dataset tensors...
Fine-tuning on exposed data...
>>> Step 18 Risk Profile:

========================= MODEL PERFORMANCE (Control_S18) =========================
Total Contexts: 6035
---------------------------------------------------------------------------
Metric       | Global Avg | Top 20% HD   | Top 10% HD   | Top 5% HD   
---------------------------------------------------------------------------
Recall@5     | 0.1365     | 0.1342       | 0.1556       | 0.1490      
Recall@10    | 0.1988     | 0.2121       | 0.2334       | 0.2417      
MRR@5        | 0.0754     | 0.0772       | 0.0956       | 0.0856      
MRR@10       | 0.0838     | 0.0872       | 0.1054       | 0.0974      
TCC@5        | 0.2652     | 0.4676       | 0.5404       | 0.5868      
TCC@10       | 0.2614     | 0.4553       | 0.5291       | 0.5732      
---------------------------------------------------------------------------
Avg HD (Top 5%): 0.88
===========================================================================


[Controllable Step 19/30]
[Agent] Analyzing graph structure to select exposure edges...
[Data] Injecting 6035 controllable exposure edges to break filter bubbles...
[Data] Successfully updated 6035 sequences. Refreshing dataset tensors...
Fine-tuning on exposed data...
>>> Step 19 Risk Profile:

========================= MODEL PERFORMANCE (Control_S19) =========================
Total Contexts: 6035
---------------------------------------------------------------------------
Metric       | Global Avg | Top 20% HD   | Top 10% HD   | Top 5% HD   
---------------------------------------------------------------------------
Recall@5     | 0.1332     | 0.1350       | 0.1440       | 0.1325      
Recall@10    | 0.2017     | 0.2146       | 0.2351       | 0.2384      
MRR@5        | 0.0779     | 0.0749       | 0.0927       | 0.0791      
MRR@10       | 0.0867     | 0.0853       | 0.1047       | 0.0928      
TCC@5        | 0.2672     | 0.4774       | 0.5563       | 0.6079      
TCC@10       | 0.2629     | 0.4608       | 0.5364       | 0.5914      
---------------------------------------------------------------------------
Avg HD (Top 5%): 0.88
===========================================================================


[Controllable Step 20/30]
[Agent] Analyzing graph structure to select exposure edges...
[Data] Injecting 6035 controllable exposure edges to break filter bubbles...
[Data] Successfully updated 6035 sequences. Refreshing dataset tensors...
Fine-tuning on exposed data...
>>> Step 20 Risk Profile:

========================= MODEL PERFORMANCE (Control_S20) =========================
Total Contexts: 6035
---------------------------------------------------------------------------
Metric       | Global Avg | Top 20% HD   | Top 10% HD   | Top 5% HD   
---------------------------------------------------------------------------
Recall@5     | 0.1321     | 0.1326       | 0.1457       | 0.1391      
Recall@10    | 0.1985     | 0.2071       | 0.2334       | 0.2550      
MRR@5        | 0.0741     | 0.0755       | 0.0908       | 0.0823      
MRR@10       | 0.0827     | 0.0853       | 0.1024       | 0.0979      
TCC@5        | 0.2650     | 0.4785       | 0.5636       | 0.6166      
TCC@10       | 0.2592     | 0.4601       | 0.5422       | 0.5993      
---------------------------------------------------------------------------
Avg HD (Top 5%): 0.88
===========================================================================


[Controllable Step 21/30]
[Agent] Analyzing graph structure to select exposure edges...
[Data] Injecting 6035 controllable exposure edges to break filter bubbles...
[Data] Successfully updated 6035 sequences. Refreshing dataset tensors...
Fine-tuning on exposed data...
>>> Step 21 Risk Profile:

========================= MODEL PERFORMANCE (Control_S21) =========================
Total Contexts: 6035
---------------------------------------------------------------------------
Metric       | Global Avg | Top 20% HD   | Top 10% HD   | Top 5% HD   
---------------------------------------------------------------------------
Recall@5     | 0.1301     | 0.1326       | 0.1490       | 0.1490      
Recall@10    | 0.1915     | 0.1980       | 0.2268       | 0.2384      
MRR@5        | 0.0740     | 0.0750       | 0.0889       | 0.0855      
MRR@10       | 0.0820     | 0.0836       | 0.0992       | 0.0977      
TCC@5        | 0.2604     | 0.4726       | 0.5573       | 0.6106      
TCC@10       | 0.2555     | 0.4594       | 0.5386       | 0.5854      
---------------------------------------------------------------------------
Avg HD (Top 5%): 0.88
===========================================================================


[Controllable Step 22/30]
[Agent] Analyzing graph structure to select exposure edges...
[Data] Injecting 6035 controllable exposure edges to break filter bubbles...
[Data] Successfully updated 6035 sequences. Refreshing dataset tensors...
Fine-tuning on exposed data...
>>> Step 22 Risk Profile:

========================= MODEL PERFORMANCE (Control_S22) =========================
Total Contexts: 6035
---------------------------------------------------------------------------
Metric       | Global Avg | Top 20% HD   | Top 10% HD   | Top 5% HD   
---------------------------------------------------------------------------
Recall@5     | 0.1302     | 0.1243       | 0.1440       | 0.1424      
Recall@10    | 0.1902     | 0.1889       | 0.2119       | 0.2351      
MRR@5        | 0.0741     | 0.0678       | 0.0837       | 0.0842      
MRR@10       | 0.0820     | 0.0764       | 0.0925       | 0.0965      
TCC@5        | 0.2585     | 0.4635       | 0.5397       | 0.5927      
TCC@10       | 0.2565     | 0.4536       | 0.5286       | 0.5748      
---------------------------------------------------------------------------
Avg HD (Top 5%): 0.88
===========================================================================


[Controllable Step 23/30]
[Agent] Analyzing graph structure to select exposure edges...
[Data] Injecting 6035 controllable exposure edges to break filter bubbles...
[Data] Successfully updated 6035 sequences. Refreshing dataset tensors...
Fine-tuning on exposed data...
>>> Step 23 Risk Profile:

========================= MODEL PERFORMANCE (Control_S23) =========================
Total Contexts: 6035
---------------------------------------------------------------------------
Metric       | Global Avg | Top 20% HD   | Top 10% HD   | Top 5% HD   
---------------------------------------------------------------------------
Recall@5     | 0.1302     | 0.1317       | 0.1523       | 0.1490      
Recall@10    | 0.1945     | 0.1980       | 0.2202       | 0.2351      
MRR@5        | 0.0738     | 0.0729       | 0.0909       | 0.0954      
MRR@10       | 0.0823     | 0.0816       | 0.0995       | 0.1064      
TCC@5        | 0.2591     | 0.4784       | 0.5636       | 0.6033      
TCC@10       | 0.2532     | 0.4645       | 0.5437       | 0.5868      
---------------------------------------------------------------------------
Avg HD (Top 5%): 0.88
===========================================================================


[Controllable Step 24/30]
[Agent] Analyzing graph structure to select exposure edges...
[Data] Injecting 6035 controllable exposure edges to break filter bubbles...
[Data] Successfully updated 6035 sequences. Refreshing dataset tensors...
Fine-tuning on exposed data...
>>> Step 24 Risk Profile:

========================= MODEL PERFORMANCE (Control_S24) =========================
Total Contexts: 6035
---------------------------------------------------------------------------
Metric       | Global Avg | Top 20% HD   | Top 10% HD   | Top 5% HD   
---------------------------------------------------------------------------
Recall@5     | 0.1306     | 0.1350       | 0.1424       | 0.1358      
Recall@10    | 0.1959     | 0.2088       | 0.2318       | 0.2384      
MRR@5        | 0.0740     | 0.0734       | 0.0810       | 0.0683      
MRR@10       | 0.0825     | 0.0829       | 0.0927       | 0.0818      
TCC@5        | 0.2601     | 0.4757       | 0.5626       | 0.6126      
TCC@10       | 0.2584     | 0.4674       | 0.5525       | 0.6043      
---------------------------------------------------------------------------
Avg HD (Top 5%): 0.88
===========================================================================


[Controllable Step 25/30]
[Agent] Analyzing graph structure to select exposure edges...
[Data] Injecting 6035 controllable exposure edges to break filter bubbles...
[Data] Successfully updated 6035 sequences. Refreshing dataset tensors...
Fine-tuning on exposed data...
>>> Step 25 Risk Profile:

========================= MODEL PERFORMANCE (Control_S25) =========================
Total Contexts: 6035
---------------------------------------------------------------------------
Metric       | Global Avg | Top 20% HD   | Top 10% HD   | Top 5% HD   
---------------------------------------------------------------------------
Recall@5     | 0.1334     | 0.1384       | 0.1689       | 0.1523      
Recall@10    | 0.1929     | 0.2022       | 0.2351       | 0.2450      
MRR@5        | 0.0739     | 0.0766       | 0.0959       | 0.0882      
MRR@10       | 0.0818     | 0.0851       | 0.1048       | 0.1005      
TCC@5        | 0.2623     | 0.4771       | 0.5682       | 0.6199      
TCC@10       | 0.2588     | 0.4675       | 0.5510       | 0.6030      
---------------------------------------------------------------------------
Avg HD (Top 5%): 0.88
===========================================================================


[Controllable Step 26/30]
[Agent] Analyzing graph structure to select exposure edges...
[Data] Injecting 6035 controllable exposure edges to break filter bubbles...
[Data] Successfully updated 6035 sequences. Refreshing dataset tensors...
Fine-tuning on exposed data...
>>> Step 26 Risk Profile:

========================= MODEL PERFORMANCE (Control_S26) =========================
Total Contexts: 6035
---------------------------------------------------------------------------
Metric       | Global Avg | Top 20% HD   | Top 10% HD   | Top 5% HD   
---------------------------------------------------------------------------
Recall@5     | 0.1297     | 0.1301       | 0.1523       | 0.1424      
Recall@10    | 0.1906     | 0.2063       | 0.2417       | 0.2483      
MRR@5        | 0.0740     | 0.0704       | 0.0830       | 0.0786      
MRR@10       | 0.0821     | 0.0805       | 0.0948       | 0.0931      
TCC@5        | 0.2583     | 0.4767       | 0.5629       | 0.6099      
TCC@10       | 0.2555     | 0.4597       | 0.5389       | 0.5781      
---------------------------------------------------------------------------
Avg HD (Top 5%): 0.88
===========================================================================


[Controllable Step 27/30]
[Agent] Analyzing graph structure to select exposure edges...
[Data] Injecting 6035 controllable exposure edges to break filter bubbles...
[Data] Successfully updated 6035 sequences. Refreshing dataset tensors...
Fine-tuning on exposed data...
