==================== Training Configuration ====================
dataset: ML1m
hiddenSize: 100
epoch: 20
batch_size: 128
lr: 0.001
lr_dc: 0.1
lr_dc_step: 3
l2: 1e-05
n_layers: 2
n_heads: 2
dropout_local: 0.2
max_len: 200
mask_prob: 0.2
validation: False
valid_portion: 0.1
patience: 3
Ib: 1.0
lambda_b: 0.01
===============================================================
Found pre-trained model at checkpoints/sasrec_best_model_ML1m.pth. Loading...

=== Evaluation Phase: Stratified Risk Analysis ===

========================= BASE MODEL (SASRec) =========================
Total Contexts: 632148
---------------------------------------------------------------------------
Metric       | Global Avg | Top 20% HD   | Top 10% HD   | Top 5% HD   
---------------------------------------------------------------------------
Recall@5     | 0.1127     | 0.1210       | 0.1276       | 0.1321      
Recall@10    | 0.1914     | 0.2119       | 0.2259       | 0.2332      
MRR@5        | 0.0556     | 0.0586       | 0.0613       | 0.0629      
MRR@10       | 0.0659     | 0.0705       | 0.0741       | 0.0761      
TCC@5        | 0.3696     | 0.6557       | 0.7314       | 0.7762      
TCC@10       | 0.3589     | 0.6417       | 0.7194       | 0.7647      
---------------------------------------------------------------------------
Avg HD (Top 5%): 0.88
===========================================================================


========================= CALIBRATED (Lambda=0.01) =========================
Total Contexts: 632148
---------------------------------------------------------------------------
Metric       | Global Avg | Top 20% HD   | Top 10% HD   | Top 5% HD   
---------------------------------------------------------------------------
Recall@5     | 0.0653     | 0.0546       | 0.0530       | 0.0492      
Recall@10    | 0.1017     | 0.0820       | 0.0774       | 0.0707      
MRR@5        | 0.0352     | 0.0295       | 0.0290       | 0.0273      
MRR@10       | 0.0400     | 0.0331       | 0.0323       | 0.0302      
TCC@5        | 0.0005     | 0.0000       | 0.0000       | 0.0000      
TCC@10       | 0.0010     | 0.0000       | 0.0000       | 0.0000      
---------------------------------------------------------------------------
Avg HD (Top 5%): 0.88
===========================================================================

