==================== Training Configuration ====================
dataset: Amazon
hiddenSize: 100
epoch: 20
batch_size: 128
lr: 0.001
lr_dc: 0.1
lr_dc_step: 3
l2: 1e-05
n_layers: 2
n_heads: 2
dropout_local: 0.2
max_len: 200
mask_prob: 0.2
validation: False
valid_portion: 0.1
patience: 3
Ib: 1.0
lambda_b: 0.01
===============================================================
Found pre-trained model at ../../checkpoints/sasrec_best_model_Amazon.pth. Loading...

=== Evaluation Phase: Stratified Risk Analysis ===

========================= BASE MODEL (SASRec) =========================
Total Contexts: 1199142
---------------------------------------------------------------------------
Metric       | Global Avg | Top 20% HD   | Top 10% HD   | Top 5% HD   
---------------------------------------------------------------------------
Recall@5     | 0.1197     | 0.2359       | 0.2379       | 0.2360      
Recall@10    | 0.1731     | 0.3360       | 0.3387       | 0.3358      
MRR@5        | 0.0663     | 0.1308       | 0.1321       | 0.1306      
MRR@10       | 0.0733     | 0.1441       | 0.1455       | 0.1438      
TCC@5        | 0.5907     | 0.9685       | 0.9695       | 0.9693      
TCC@10       | 0.5862     | 0.9650       | 0.9658       | 0.9657      
---------------------------------------------------------------------------
Avg HD (Top 5%): 1.00
===========================================================================


========================= CALIBRATED (Lambda=0.01) =========================
Total Contexts: 1199142
---------------------------------------------------------------------------
Metric       | Global Avg | Top 20% HD   | Top 10% HD   | Top 5% HD   
---------------------------------------------------------------------------
Recall@5     | 0.0295     | 0.0329       | 0.0338       | 0.0341      
Recall@10    | 0.0425     | 0.0457       | 0.0475       | 0.0483      
MRR@5        | 0.0175     | 0.0206       | 0.0209       | 0.0207      
MRR@10       | 0.0192     | 0.0223       | 0.0227       | 0.0226      
TCC@5        | 0.0119     | 0.0191       | 0.0221       | 0.0226      
TCC@10       | 0.0136     | 0.0234       | 0.0272       | 0.0280      
---------------------------------------------------------------------------
Avg HD (Top 5%): 1.00
===========================================================================

