==================== Training Configuration ====================
dataset: ML1m
hiddenSize: 100
epoch: 20
batch_size: 32
lr: 0.001
lr_dc: 0.1
lr_dc_step: 3
l2: 1e-05
n_layers: 2
n_heads: 2
dropout_local: 0.2
max_len: 200
mask_prob: 0.2
validation: False
valid_portion: 0.1
patience: 3
Ib: 2.0
lambda_b: 0.1
===============================================================

[Step 1] Start Training SASRec Baseline...
Epoch 0 loss: nan

==================== REPORT (I_b=0.0, lambda=0.0) ====================
Metric          | Base Model   | Allostatic   | Diff      
------------------------------------------------------------
MRR@10          | 0.0193       | 0.0193       | +0.0000
MRR@20          | 0.0227       | 0.0227       | +0.0000
MRR@5           | 0.0156       | 0.0156       | +0.0000
Recall@10       | 0.0610       | 0.0610       | +0.0000
Recall@20       | 0.1105       | 0.1105       | +0.0000
Recall@5        | 0.0318       | 0.0318       | +0.0000
============================================================
New best model saved! Recall@10: 0.0610
Epoch 1 loss: nan

==================== REPORT (I_b=0.0, lambda=0.0) ====================
Metric          | Base Model   | Allostatic   | Diff      
------------------------------------------------------------
MRR@10          | 0.0432       | 0.0432       | +0.0000
MRR@20          | 0.0482       | 0.0482       | +0.0000
MRR@5           | 0.0362       | 0.0362       | +0.0000
Recall@10       | 0.1261       | 0.1261       | +0.0000
Recall@20       | 0.1995       | 0.1995       | +0.0000
Recall@5        | 0.0737       | 0.0737       | +0.0000
============================================================
New best model saved! Recall@10: 0.1261
Epoch 2 loss: nan

==================== REPORT (I_b=0.0, lambda=0.0) ====================
Metric          | Base Model   | Allostatic   | Diff      
------------------------------------------------------------
MRR@10          | 0.0562       | 0.0562       | +0.0000
MRR@20          | 0.0622       | 0.0622       | +0.0000
MRR@5           | 0.0479       | 0.0479       | +0.0000
Recall@10       | 0.1569       | 0.1569       | +0.0000
Recall@20       | 0.2459       | 0.2459       | +0.0000
Recall@5        | 0.0931       | 0.0931       | +0.0000
============================================================
New best model saved! Recall@10: 0.1569
Epoch 3 loss: nan

==================== REPORT (I_b=0.0, lambda=0.0) ====================
Metric          | Base Model   | Allostatic   | Diff      
------------------------------------------------------------
MRR@10          | 0.0609       | 0.0609       | +0.0000
MRR@20          | 0.0669       | 0.0669       | +0.0000
MRR@5           | 0.0522       | 0.0522       | +0.0000
Recall@10       | 0.1698       | 0.1698       | +0.0000
Recall@20       | 0.2593       | 0.2593       | +0.0000
Recall@5        | 0.1029       | 0.1029       | +0.0000
============================================================
New best model saved! Recall@10: 0.1698
Epoch 4 loss: nan

==================== REPORT (I_b=0.0, lambda=0.0) ====================
Metric          | Base Model   | Allostatic   | Diff      
------------------------------------------------------------
MRR@10          | 0.0610       | 0.0610       | +0.0000
MRR@20          | 0.0673       | 0.0673       | +0.0000
MRR@5           | 0.0523       | 0.0523       | +0.0000
Recall@10       | 0.1718       | 0.1718       | +0.0000
Recall@20       | 0.2653       | 0.2653       | +0.0000
Recall@5        | 0.1054       | 0.1054       | +0.0000
============================================================
New best model saved! Recall@10: 0.1718
Epoch 5 loss: nan

==================== REPORT (I_b=0.0, lambda=0.0) ====================
Metric          | Base Model   | Allostatic   | Diff      
------------------------------------------------------------
MRR@10          | 0.0622       | 0.0622       | +0.0000
MRR@20          | 0.0685       | 0.0685       | +0.0000
MRR@5           | 0.0533       | 0.0533       | +0.0000
Recall@10       | 0.1756       | 0.1756       | +0.0000
Recall@20       | 0.2681       | 0.2681       | +0.0000
Recall@5        | 0.1067       | 0.1067       | +0.0000
============================================================
New best model saved! Recall@10: 0.1756
Epoch 6 loss: nan

==================== REPORT (I_b=0.0, lambda=0.0) ====================
Metric          | Base Model   | Allostatic   | Diff      
------------------------------------------------------------
MRR@10          | 0.0632       | 0.0632       | +0.0000
MRR@20          | 0.0693       | 0.0693       | +0.0000
MRR@5           | 0.0543       | 0.0543       | +0.0000
Recall@10       | 0.1775       | 0.1775       | +0.0000
Recall@20       | 0.2688       | 0.2688       | +0.0000
Recall@5        | 0.1084       | 0.1084       | +0.0000
============================================================
New best model saved! Recall@10: 0.1775
Epoch 7 loss: nan

==================== REPORT (I_b=0.0, lambda=0.0) ====================
Metric          | Base Model   | Allostatic   | Diff      
------------------------------------------------------------
MRR@10          | 0.0636       | 0.0636       | +0.0000
MRR@20          | 0.0699       | 0.0699       | +0.0000
MRR@5           | 0.0547       | 0.0547       | +0.0000
Recall@10       | 0.1765       | 0.1765       | +0.0000
Recall@20       | 0.2684       | 0.2684       | +0.0000
Recall@5        | 0.1080       | 0.1080       | +0.0000
============================================================
Epoch 8 loss: nan

==================== REPORT (I_b=0.0, lambda=0.0) ====================
Metric          | Base Model   | Allostatic   | Diff      
------------------------------------------------------------
MRR@10          | 0.0636       | 0.0636       | +0.0000
MRR@20          | 0.0698       | 0.0698       | +0.0000
MRR@5           | 0.0546       | 0.0546       | +0.0000
Recall@10       | 0.1760       | 0.1760       | +0.0000
Recall@20       | 0.2683       | 0.2683       | +0.0000
Recall@5        | 0.1077       | 0.1077       | +0.0000
============================================================
Epoch 9 loss: nan

==================== REPORT (I_b=0.0, lambda=0.0) ====================
Metric          | Base Model   | Allostatic   | Diff      
------------------------------------------------------------
MRR@10          | 0.0636       | 0.0636       | +0.0000
MRR@20          | 0.0698       | 0.0698       | +0.0000
MRR@5           | 0.0546       | 0.0546       | +0.0000
Recall@10       | 0.1761       | 0.1761       | +0.0000
Recall@20       | 0.2681       | 0.2681       | +0.0000
Recall@5        | 0.1075       | 0.1075       | +0.0000
============================================================
Early stopping triggered.

=== Evaluation Phase with Allostatic Regulation ===
Parameter I_b (Intensity): 2.0
Parameter Lambda_b (Decay): 0.1

==================== REPORT (I_b=2.0, lambda=0.1) ====================
Metric          | Base Model   | Allostatic   | Diff      
------------------------------------------------------------
MRR@10          | 0.0632       | 0.0484       | -0.0148
MRR@20          | 0.0693       | 0.0514       | -0.0179
MRR@5           | 0.0543       | 0.0445       | -0.0098
Recall@10       | 0.1775       | 0.1049       | -0.0726
Recall@20       | 0.2688       | 0.1493       | -0.1195
Recall@5        | 0.1084       | 0.0754       | -0.0330
============================================================
