==================== Training Configuration ====================
dataset: ML1m
hiddenSize: 100
epoch: 20
batch_size: 32
lr: 0.001
lr_dc: 0.1
lr_dc_step: 3
l2: 1e-05
n_layers: 2
n_heads: 2
dropout_local: 0.2
max_len: 200
mask_prob: 0.2
validation: False
valid_portion: 0.1
patience: 3
lambda_tradeoff: 1.0
===============================================================
Found pre-trained model. Loading...

=== Evaluation Phase ===
Lambda Trade-off: 1.0

========================= BASE MODEL (SASRec) =========================
Total Contexts: 632148
---------------------------------------------------------------------------
Metric       | Global Avg | Top 20% HD   | Top 10% HD   | Top 5% HD   
---------------------------------------------------------------------------
Recall@5     | 0.1129     | 0.1214       | 0.1283       | 0.1330      
Recall@10    | 0.1919     | 0.2124       | 0.2260       | 0.2331      
MRR@5        | 0.0558     | 0.0590       | 0.0617       | 0.0635      
MRR@10       | 0.0661     | 0.0709       | 0.0745       | 0.0766      
TCC@5        | 0.3712     | 0.6583       | 0.7341       | 0.7788      
TCC@10       | 0.3600     | 0.6434       | 0.7211       | 0.7667      
---------------------------------------------------------------------------
Avg HD (Top 5%): 0.88
===========================================================================


========================= CALIBRATED (Lambda=1.0) =========================
Total Contexts: 632148
---------------------------------------------------------------------------
Metric       | Global Avg | Top 20% HD   | Top 10% HD   | Top 5% HD   
---------------------------------------------------------------------------
Recall@5     | 0.1138     | 0.1236       | 0.1303       | 0.1348      
Recall@10    | 0.1925     | 0.2147       | 0.2281       | 0.2355      
MRR@5        | 0.0568     | 0.0602       | 0.0629       | 0.0646      
MRR@10       | 0.0670     | 0.0721       | 0.0757       | 0.0778      
TCC@5        | 0.3456     | 0.6218       | 0.7012       | 0.7490      
TCC@10       | 0.3384     | 0.6130       | 0.6932       | 0.7406      
---------------------------------------------------------------------------
Avg HD (Top 5%): 0.88
===========================================================================

