==================== Training Configuration ====================
dataset: ML1m
hiddenSize: 100
epoch: 20
batch_size: 32
lr: 0.001
lr_dc: 0.1
lr_dc_step: 3
l2: 1e-05
n_layers: 2
n_heads: 2
dropout_local: 0.2
max_len: 200
mask_prob: 0.2
validation: False
valid_portion: 0.1
patience: 3
lambda_tradeoff: 2.0
===============================================================
Found pre-trained model at checkpoints/sasrec_best_model_ML1m.pth. Loading...

=== TD-VAE-CF Baseline Evaluation ===
Applying Static Trade-off Lambda: 2.0

==================== TD-VAE-CF Stratified Risk Analysis (TD-VAE-CF) ====================
Total Moments: 632148
Penalty Lambda: 2.0
---------------------------------------------------------------------------
Metric       | Global Avg | Top 20% HD   | Top 10% HD   | Top 5% HD   
---------------------------------------------------------------------------
Recall@5     | 0.0813     | 0.0826       | 0.0861       | 0.0859      
Recall@10    | 0.1393     | 0.1451       | 0.1552       | 0.1567      
MRR@5        | 0.0419     | 0.0413       | 0.0425       | 0.0422      
MRR@10       | 0.0494     | 0.0494       | 0.0515       | 0.0514      
TCC@5        | 0.0666     | 0.1503       | 0.2051       | 0.2344      
TCC@10       | 0.0954     | 0.2058       | 0.2764       | 0.3131      
---------------------------------------------------------------------------
Avg HD (Top 5%): 0.88
===========================================================================

