==================== Training Configuration ====================
dataset: Amazon
hiddenSize: 100
epoch: 20
batch_size: 32
lr: 0.001
lr_dc: 0.1
lr_dc_step: 3
l2: 1e-05
n_layers: 2
n_heads: 2
dropout_local: 0.2
max_len: 200
mask_prob: 0.2
validation: False
valid_portion: 0.1
patience: 3
lambda_tradeoff: 5.0
===============================================================
Found pre-trained model. Loading...

=== Evaluation Phase ===
Lambda Trade-off: 5.0

========================= BASE MODEL (SASRec) =========================
Total Contexts: 1199142
---------------------------------------------------------------------------
Metric       | Global Avg | Top 20% HD   | Top 10% HD   | Top 5% HD   
---------------------------------------------------------------------------
Recall@5     | 0.1197     | 0.2359       | 0.2379       | 0.2360      
Recall@10    | 0.1731     | 0.3360       | 0.3387       | 0.3358      
MRR@5        | 0.0663     | 0.1308       | 0.1321       | 0.1306      
MRR@10       | 0.0733     | 0.1441       | 0.1455       | 0.1438      
TCC@5        | 0.5907     | 0.9685       | 0.9695       | 0.9693      
TCC@10       | 0.5862     | 0.9650       | 0.9658       | 0.9657      
---------------------------------------------------------------------------
Avg HD (Top 5%): 1.00
===========================================================================


========================= CALIBRATED (Lambda=5.0) =========================
Total Contexts: 1199142
---------------------------------------------------------------------------
Metric       | Global Avg | Top 20% HD   | Top 10% HD   | Top 5% HD   
---------------------------------------------------------------------------
Recall@5     | 0.1018     | 0.2131       | 0.2150       | 0.2127      
Recall@10    | 0.1489     | 0.3076       | 0.3107       | 0.3074      
MRR@5        | 0.0572     | 0.1208       | 0.1224       | 0.1212      
MRR@10       | 0.0634     | 0.1333       | 0.1350       | 0.1337      
TCC@5        | 0.5593     | 0.9585       | 0.9590       | 0.9581      
TCC@10       | 0.5584     | 0.9573       | 0.9577       | 0.9570      
---------------------------------------------------------------------------
Avg HD (Top 5%): 1.00
===========================================================================

