==================== Training Configuration ====================
dataset: ML1m
hiddenSize: 100
epoch: 20
batch_size: 32
lr: 0.001
lr_dc: 0.1
lr_dc_step: 3
l2: 1e-05
n_layers: 2
n_heads: 2
dropout_local: 0.2
max_len: 200
mask_prob: 0.2
validation: False
valid_portion: 0.1
patience: 10
lambda_tradeoff: 2.0
===============================================================
Pre-trained model not found at checkpoints/sasrec_best_model_ML1m.pth. Starting training from scratch...

[Step 1] Start Training SASRec Baseline...
Epoch 0 loss: nan

==================== Valid Stratified Risk Analysis (TD-VAE-CF) ====================
Total Moments: 632148
Penalty Lambda: 0.0
---------------------------------------------------------------------------
Metric       | Global Avg | Top 20% HD   | Top 10% HD   | Top 5% HD   
---------------------------------------------------------------------------
Recall@5     | 0.0468     | 0.0485       | 0.0533       | 0.0544      
Recall@10    | 0.0830     | 0.0879       | 0.0976       | 0.1004      
MRR@5        | 0.0232     | 0.0232       | 0.0252       | 0.0253      
MRR@10       | 0.0279     | 0.0284       | 0.0310       | 0.0313      
TCC@5        | 0.1813     | 0.2864       | 0.3666       | 0.4034      
TCC@10       | 0.1829     | 0.2885       | 0.3623       | 0.3967      
---------------------------------------------------------------------------
Avg HD (Top 5%): 0.88
===========================================================================

New best model saved! Recall@10: 0.0830
Epoch 1 loss: nan

==================== Valid Stratified Risk Analysis (TD-VAE-CF) ====================
Total Moments: 632148
Penalty Lambda: 0.0
---------------------------------------------------------------------------
Metric       | Global Avg | Top 20% HD   | Top 10% HD   | Top 5% HD   
---------------------------------------------------------------------------
Recall@5     | 0.0839     | 0.0889       | 0.0943       | 0.0959      
Recall@10    | 0.1463     | 0.1571       | 0.1664       | 0.1692      
MRR@5        | 0.0411     | 0.0432       | 0.0454       | 0.0469      
MRR@10       | 0.0493     | 0.0522       | 0.0548       | 0.0564      
TCC@5        | 0.3248     | 0.5744       | 0.6532       | 0.6959      
TCC@10       | 0.3144     | 0.5568       | 0.6285       | 0.6694      
---------------------------------------------------------------------------
Avg HD (Top 5%): 0.88
===========================================================================

New best model saved! Recall@10: 0.1463
Epoch 2 loss: nan

==================== Valid Stratified Risk Analysis (TD-VAE-CF) ====================
Total Moments: 632148
Penalty Lambda: 0.0
---------------------------------------------------------------------------
Metric       | Global Avg | Top 20% HD   | Top 10% HD   | Top 5% HD   
---------------------------------------------------------------------------
Recall@5     | 0.1012     | 0.1076       | 0.1121       | 0.1147      
Recall@10    | 0.1752     | 0.1919       | 0.2015       | 0.2070      
MRR@5        | 0.0495     | 0.0514       | 0.0534       | 0.0549      
MRR@10       | 0.0591     | 0.0623       | 0.0651       | 0.0669      
TCC@5        | 0.3403     | 0.6152       | 0.7012       | 0.7547      
TCC@10       | 0.3370     | 0.6073       | 0.6903       | 0.7411      
---------------------------------------------------------------------------
Avg HD (Top 5%): 0.88
===========================================================================

New best model saved! Recall@10: 0.1752
Epoch 3 loss: nan

==================== Valid Stratified Risk Analysis (TD-VAE-CF) ====================
Total Moments: 632148
Penalty Lambda: 0.0
---------------------------------------------------------------------------
Metric       | Global Avg | Top 20% HD   | Top 10% HD   | Top 5% HD   
---------------------------------------------------------------------------
Recall@5     | 0.1093     | 0.1179       | 0.1244       | 0.1268      
Recall@10    | 0.1863     | 0.2063       | 0.2193       | 0.2252      
MRR@5        | 0.0539     | 0.0571       | 0.0597       | 0.0607      
MRR@10       | 0.0639     | 0.0686       | 0.0721       | 0.0736      
TCC@5        | 0.3649     | 0.6472       | 0.7209       | 0.7641      
TCC@10       | 0.3546     | 0.6334       | 0.7095       | 0.7535      
---------------------------------------------------------------------------
Avg HD (Top 5%): 0.88
===========================================================================

New best model saved! Recall@10: 0.1863
Epoch 4 loss: nan

==================== Valid Stratified Risk Analysis (TD-VAE-CF) ====================
Total Moments: 632148
Penalty Lambda: 0.0
---------------------------------------------------------------------------
Metric       | Global Avg | Top 20% HD   | Top 10% HD   | Top 5% HD   
---------------------------------------------------------------------------
Recall@5     | 0.1112     | 0.1194       | 0.1265       | 0.1311      
Recall@10    | 0.1890     | 0.2088       | 0.2218       | 0.2278      
MRR@5        | 0.0547     | 0.0578       | 0.0608       | 0.0628      
MRR@10       | 0.0649     | 0.0695       | 0.0733       | 0.0755      
TCC@5        | 0.3651     | 0.6489       | 0.7272       | 0.7736      
TCC@10       | 0.3546     | 0.6348       | 0.7133       | 0.7594      
---------------------------------------------------------------------------
Avg HD (Top 5%): 0.88
===========================================================================

New best model saved! Recall@10: 0.1890
Epoch 5 loss: nan

==================== Valid Stratified Risk Analysis (TD-VAE-CF) ====================
Total Moments: 632148
Penalty Lambda: 0.0
---------------------------------------------------------------------------
Metric       | Global Avg | Top 20% HD   | Top 10% HD   | Top 5% HD   
---------------------------------------------------------------------------
Recall@5     | 0.1123     | 0.1210       | 0.1278       | 0.1325      
Recall@10    | 0.1909     | 0.2113       | 0.2250       | 0.2325      
MRR@5        | 0.0554     | 0.0585       | 0.0614       | 0.0631      
MRR@10       | 0.0657     | 0.0703       | 0.0741       | 0.0762      
TCC@5        | 0.3717     | 0.6603       | 0.7344       | 0.7783      
TCC@10       | 0.3605     | 0.6454       | 0.7215       | 0.7659      
---------------------------------------------------------------------------
Avg HD (Top 5%): 0.88
===========================================================================

New best model saved! Recall@10: 0.1909
Epoch 6 loss: nan

==================== Valid Stratified Risk Analysis (TD-VAE-CF) ====================
Total Moments: 632148
Penalty Lambda: 0.0
---------------------------------------------------------------------------
Metric       | Global Avg | Top 20% HD   | Top 10% HD   | Top 5% HD   
---------------------------------------------------------------------------
Recall@5     | 0.1127     | 0.1210       | 0.1276       | 0.1321      
Recall@10    | 0.1914     | 0.2119       | 0.2259       | 0.2332      
MRR@5        | 0.0556     | 0.0586       | 0.0613       | 0.0629      
MRR@10       | 0.0659     | 0.0705       | 0.0741       | 0.0761      
TCC@5        | 0.3696     | 0.6557       | 0.7314       | 0.7762      
TCC@10       | 0.3589     | 0.6417       | 0.7194       | 0.7647      
---------------------------------------------------------------------------
Avg HD (Top 5%): 0.88
===========================================================================

New best model saved! Recall@10: 0.1914
Epoch 7 loss: nan

==================== Valid Stratified Risk Analysis (TD-VAE-CF) ====================
Total Moments: 632148
Penalty Lambda: 0.0
---------------------------------------------------------------------------
Metric       | Global Avg | Top 20% HD   | Top 10% HD   | Top 5% HD   
---------------------------------------------------------------------------
Recall@5     | 0.1127     | 0.1213       | 0.1281       | 0.1327      
Recall@10    | 0.1916     | 0.2124       | 0.2263       | 0.2339      
MRR@5        | 0.0557     | 0.0588       | 0.0615       | 0.0633      
MRR@10       | 0.0660     | 0.0707       | 0.0744       | 0.0765      
TCC@5        | 0.3704     | 0.6569       | 0.7321       | 0.7769      
TCC@10       | 0.3596     | 0.6429       | 0.7203       | 0.7655      
---------------------------------------------------------------------------
Avg HD (Top 5%): 0.88
===========================================================================

New best model saved! Recall@10: 0.1916
Epoch 8 loss: nan

==================== Valid Stratified Risk Analysis (TD-VAE-CF) ====================
Total Moments: 632148
Penalty Lambda: 0.0
---------------------------------------------------------------------------
Metric       | Global Avg | Top 20% HD   | Top 10% HD   | Top 5% HD   
---------------------------------------------------------------------------
Recall@5     | 0.1128     | 0.1213       | 0.1281       | 0.1328      
Recall@10    | 0.1918     | 0.2122       | 0.2258       | 0.2335      
MRR@5        | 0.0558     | 0.0590       | 0.0617       | 0.0636      
MRR@10       | 0.0661     | 0.0709       | 0.0745       | 0.0767      
TCC@5        | 0.3708     | 0.6584       | 0.7343       | 0.7789      
TCC@10       | 0.3596     | 0.6433       | 0.7211       | 0.7667      
---------------------------------------------------------------------------
Avg HD (Top 5%): 0.88
===========================================================================

New best model saved! Recall@10: 0.1918
Epoch 9 loss: nan

==================== Valid Stratified Risk Analysis (TD-VAE-CF) ====================
Total Moments: 632148
Penalty Lambda: 0.0
---------------------------------------------------------------------------
Metric       | Global Avg | Top 20% HD   | Top 10% HD   | Top 5% HD   
---------------------------------------------------------------------------
Recall@5     | 0.1128     | 0.1213       | 0.1281       | 0.1328      
Recall@10    | 0.1918     | 0.2122       | 0.2258       | 0.2330      
MRR@5        | 0.0558     | 0.0590       | 0.0617       | 0.0636      
MRR@10       | 0.0661     | 0.0709       | 0.0745       | 0.0767      
TCC@5        | 0.3710     | 0.6585       | 0.7342       | 0.7788      
TCC@10       | 0.3599     | 0.6434       | 0.7212       | 0.7666      
---------------------------------------------------------------------------
Avg HD (Top 5%): 0.88
===========================================================================

New best model saved! Recall@10: 0.1918
Epoch 10 loss: nan

==================== Valid Stratified Risk Analysis (TD-VAE-CF) ====================
Total Moments: 632148
Penalty Lambda: 0.0
---------------------------------------------------------------------------
Metric       | Global Avg | Top 20% HD   | Top 10% HD   | Top 5% HD   
---------------------------------------------------------------------------
Recall@5     | 0.1128     | 0.1213       | 0.1281       | 0.1329      
Recall@10    | 0.1918     | 0.2123       | 0.2258       | 0.2330      
MRR@5        | 0.0558     | 0.0590       | 0.0617       | 0.0636      
MRR@10       | 0.0661     | 0.0709       | 0.0745       | 0.0767      
TCC@5        | 0.3711     | 0.6583       | 0.7341       | 0.7788      
TCC@10       | 0.3599     | 0.6434       | 0.7211       | 0.7666      
---------------------------------------------------------------------------
Avg HD (Top 5%): 0.88
===========================================================================

New best model saved! Recall@10: 0.1918
Epoch 11 loss: nan

==================== Valid Stratified Risk Analysis (TD-VAE-CF) ====================
Total Moments: 632148
Penalty Lambda: 0.0
---------------------------------------------------------------------------
Metric       | Global Avg | Top 20% HD   | Top 10% HD   | Top 5% HD   
---------------------------------------------------------------------------
Recall@5     | 0.1129     | 0.1214       | 0.1283       | 0.1330      
Recall@10    | 0.1919     | 0.2124       | 0.2260       | 0.2331      
MRR@5        | 0.0558     | 0.0590       | 0.0617       | 0.0635      
MRR@10       | 0.0661     | 0.0709       | 0.0745       | 0.0767      
TCC@5        | 0.3712     | 0.6583       | 0.7341       | 0.7788      
TCC@10       | 0.3600     | 0.6434       | 0.7211       | 0.7667      
---------------------------------------------------------------------------
Avg HD (Top 5%): 0.88
===========================================================================

New best model saved! Recall@10: 0.1919
Epoch 12 loss: nan

==================== Valid Stratified Risk Analysis (TD-VAE-CF) ====================
Total Moments: 632148
Penalty Lambda: 0.0
---------------------------------------------------------------------------
Metric       | Global Avg | Top 20% HD   | Top 10% HD   | Top 5% HD   
---------------------------------------------------------------------------
Recall@5     | 0.1129     | 0.1214       | 0.1283       | 0.1330      
Recall@10    | 0.1919     | 0.2124       | 0.2260       | 0.2331      
MRR@5        | 0.0558     | 0.0590       | 0.0617       | 0.0635      
MRR@10       | 0.0661     | 0.0709       | 0.0745       | 0.0766      
TCC@5        | 0.3712     | 0.6583       | 0.7341       | 0.7788      
TCC@10       | 0.3600     | 0.6434       | 0.7211       | 0.7667      
---------------------------------------------------------------------------
Avg HD (Top 5%): 0.88
===========================================================================

New best model saved! Recall@10: 0.1919
Epoch 13 loss: nan

==================== Valid Stratified Risk Analysis (TD-VAE-CF) ====================
Total Moments: 632148
Penalty Lambda: 0.0
---------------------------------------------------------------------------
Metric       | Global Avg | Top 20% HD   | Top 10% HD   | Top 5% HD   
---------------------------------------------------------------------------
Recall@5     | 0.1129     | 0.1215       | 0.1283       | 0.1330      
Recall@10    | 0.1919     | 0.2124       | 0.2260       | 0.2331      
MRR@5        | 0.0558     | 0.0590       | 0.0617       | 0.0635      
MRR@10       | 0.0661     | 0.0709       | 0.0745       | 0.0766      
TCC@5        | 0.3712     | 0.6583       | 0.7341       | 0.7788      
TCC@10       | 0.3600     | 0.6434       | 0.7212       | 0.7667      
---------------------------------------------------------------------------
Avg HD (Top 5%): 0.88
===========================================================================

No improvement. Bad counter: 1
Epoch 14 loss: nan

==================== Valid Stratified Risk Analysis (TD-VAE-CF) ====================
Total Moments: 632148
Penalty Lambda: 0.0
---------------------------------------------------------------------------
Metric       | Global Avg | Top 20% HD   | Top 10% HD   | Top 5% HD   
---------------------------------------------------------------------------
Recall@5     | 0.1129     | 0.1214       | 0.1283       | 0.1330      
Recall@10    | 0.1919     | 0.2124       | 0.2260       | 0.2331      
MRR@5        | 0.0558     | 0.0590       | 0.0617       | 0.0635      
MRR@10       | 0.0661     | 0.0709       | 0.0745       | 0.0767      
TCC@5        | 0.3712     | 0.6583       | 0.7341       | 0.7788      
TCC@10       | 0.3600     | 0.6434       | 0.7212       | 0.7667      
---------------------------------------------------------------------------
Avg HD (Top 5%): 0.88
===========================================================================

No improvement. Bad counter: 2
Epoch 15 loss: nan

==================== Valid Stratified Risk Analysis (TD-VAE-CF) ====================
Total Moments: 632148
Penalty Lambda: 0.0
---------------------------------------------------------------------------
Metric       | Global Avg | Top 20% HD   | Top 10% HD   | Top 5% HD   
---------------------------------------------------------------------------
Recall@5     | 0.1129     | 0.1214       | 0.1283       | 0.1330      
Recall@10    | 0.1919     | 0.2124       | 0.2259       | 0.2331      
MRR@5        | 0.0558     | 0.0590       | 0.0617       | 0.0635      
MRR@10       | 0.0661     | 0.0709       | 0.0745       | 0.0767      
TCC@5        | 0.3712     | 0.6583       | 0.7341       | 0.7788      
TCC@10       | 0.3600     | 0.6434       | 0.7212       | 0.7667      
---------------------------------------------------------------------------
Avg HD (Top 5%): 0.88
===========================================================================

No improvement. Bad counter: 3
Epoch 16 loss: nan

==================== Valid Stratified Risk Analysis (TD-VAE-CF) ====================
Total Moments: 632148
Penalty Lambda: 0.0
---------------------------------------------------------------------------
Metric       | Global Avg | Top 20% HD   | Top 10% HD   | Top 5% HD   
---------------------------------------------------------------------------
Recall@5     | 0.1129     | 0.1214       | 0.1283       | 0.1330      
Recall@10    | 0.1919     | 0.2124       | 0.2259       | 0.2331      
MRR@5        | 0.0558     | 0.0590       | 0.0617       | 0.0635      
MRR@10       | 0.0661     | 0.0709       | 0.0745       | 0.0767      
TCC@5        | 0.3712     | 0.6583       | 0.7341       | 0.7788      
TCC@10       | 0.3600     | 0.6434       | 0.7212       | 0.7667      
---------------------------------------------------------------------------
Avg HD (Top 5%): 0.88
===========================================================================

No improvement. Bad counter: 4
Epoch 17 loss: nan
