==================== Training Configuration ====================
dataset: Steam
hiddenSize: 100
epoch: 20
batch_size: 32
lr: 0.001
lr_dc: 0.1
lr_dc_step: 3
l2: 1e-05
n_layers: 2
n_heads: 2
dropout_local: 0.2
max_len: 200
mask_prob: 0.2
validation: False
valid_portion: 0.1
patience: 3
lambda_tradeoff: 5.0
===============================================================
Found pre-trained model. Loading...

=== Evaluation Phase ===
Lambda Trade-off: 5.0

========================= BASE MODEL (SASRec) =========================
Total Contexts: 1488103
---------------------------------------------------------------------------
Metric       | Global Avg | Top 20% HD   | Top 10% HD   | Top 5% HD   
---------------------------------------------------------------------------
Recall@5     | 0.1523     | 0.1581       | 0.1576       | 0.1597      
Recall@10    | 0.1950     | 0.2048       | 0.2063       | 0.2095      
MRR@5        | 0.1155     | 0.1175       | 0.1156       | 0.1151      
MRR@10       | 0.1211     | 0.1236       | 0.1220       | 0.1217      
TCC@5        | 0.3260     | 0.4522       | 0.5122       | 0.5575      
TCC@10       | 0.3107     | 0.4256       | 0.4817       | 0.5242      
---------------------------------------------------------------------------
Avg HD (Top 5%): 0.72
===========================================================================


========================= CALIBRATED (Lambda=5.0) =========================
Total Contexts: 1488103
---------------------------------------------------------------------------
Metric       | Global Avg | Top 20% HD   | Top 10% HD   | Top 5% HD   
---------------------------------------------------------------------------
Recall@5     | 0.1306     | 0.1358       | 0.1354       | 0.1368      
Recall@10    | 0.1629     | 0.1722       | 0.1727       | 0.1761      
MRR@5        | 0.1035     | 0.1046       | 0.1030       | 0.1023      
MRR@10       | 0.1077     | 0.1094       | 0.1079       | 0.1074      
TCC@5        | 0.2642     | 0.3299       | 0.3641       | 0.3912      
TCC@10       | 0.2558     | 0.3156       | 0.3478       | 0.3728      
---------------------------------------------------------------------------
Avg HD (Top 5%): 0.72
===========================================================================

