==================== Training Configuration ====================
dataset: ML1m
hiddenSize: 100
epoch: 20
batch_size: 32
lr: 0.001
lr_dc: 0.1
lr_dc_step: 3
l2: 1e-05
n_layers: 2
n_heads: 2
dropout_local: 0.2
max_len: 200
mask_prob: 0.2
validation: False
valid_portion: 0.1
patience: 3
lambda_tradeoff: 1.0
===============================================================
Found pre-trained model at checkpoints/sasrec_best_model_ML1m.pth. Loading...

=== TD-VAE-CF Baseline Evaluation ===
Applying Static Trade-off Lambda: 1.0

==================== TD-VAE-CF Stratified Risk Analysis (TD-VAE-CF) ====================
Total Moments: 632148
Penalty Lambda: 1.0
---------------------------------------------------------------------------
Metric       | Global Avg | Top 20% HD   | Top 10% HD   | Top 5% HD   
---------------------------------------------------------------------------
Recall@5     | 0.1038     | 0.1079       | 0.1126       | 0.1127      
Recall@10    | 0.1763     | 0.1897       | 0.1988       | 0.2005      
MRR@5        | 0.0523     | 0.0534       | 0.0550       | 0.0548      
MRR@10       | 0.0618     | 0.0641       | 0.0663       | 0.0663      
TCC@5        | 0.1956     | 0.3764       | 0.4516       | 0.4907      
TCC@10       | 0.2208     | 0.4207       | 0.4939       | 0.5305      
---------------------------------------------------------------------------
Avg HD (Top 5%): 0.88
===========================================================================

