==================== Training Configuration ====================
dataset: ML1m
hiddenSize: 100
epoch: 20
batch_size: 32
lr: 0.001
lr_dc: 0.1
lr_dc_step: 3
l2: 1e-05
n_layers: 2
n_heads: 2
dropout_local: 0.2
max_len: 200
mask_prob: 0.2
validation: False
valid_portion: 0.1
patience: 3
lambda_tradeoff: 5.0
===============================================================
Found pre-trained model. Loading...

=== Evaluation Phase ===
Lambda Trade-off: 5.0

========================= BASE MODEL (SASRec) =========================
Total Contexts: 632148
---------------------------------------------------------------------------
Metric       | Global Avg | Top 20% HD   | Top 10% HD   | Top 5% HD   
---------------------------------------------------------------------------
Recall@5     | 0.1129     | 0.1214       | 0.1283       | 0.1330      
Recall@10    | 0.1919     | 0.2124       | 0.2260       | 0.2331      
MRR@5        | 0.0558     | 0.0590       | 0.0617       | 0.0635      
MRR@10       | 0.0661     | 0.0709       | 0.0745       | 0.0766      
TCC@5        | 0.3712     | 0.6583       | 0.7341       | 0.7788      
TCC@10       | 0.3600     | 0.6434       | 0.7211       | 0.7667      
---------------------------------------------------------------------------
Avg HD (Top 5%): 0.88
===========================================================================


========================= CALIBRATED (Lambda=5.0) =========================
Total Contexts: 632148
---------------------------------------------------------------------------
Metric       | Global Avg | Top 20% HD   | Top 10% HD   | Top 5% HD   
---------------------------------------------------------------------------
Recall@5     | 0.0775     | 0.0832       | 0.0888       | 0.0933      
Recall@10    | 0.1347     | 0.1488       | 0.1583       | 0.1672      
MRR@5        | 0.0384     | 0.0405       | 0.0425       | 0.0450      
MRR@10       | 0.0459     | 0.0491       | 0.0516       | 0.0547      
TCC@5        | 0.2293     | 0.4241       | 0.5091       | 0.5616      
TCC@10       | 0.2387     | 0.4439       | 0.5268       | 0.5762      
---------------------------------------------------------------------------
Avg HD (Top 5%): 0.88
===========================================================================

