==================== Training Configuration ====================
dataset: ML1m
hiddenSize: 100
epoch: 20
batch_size: 32
lr: 0.001
lr_dc: 0.1
lr_dc_step: 3
l2: 1e-05
n_layers: 2
n_heads: 2
dropout_local: 0.2
max_len: 200
mask_prob: 0.2
validation: False
valid_portion: 0.1
patience: 3
lambda_tradeoff: 1.0
===============================================================
Found pre-trained model at checkpoints/sasrec_best_model_ML1m.pth. Loading...

=== TD-VAE-CF Evaluation (Emb-Sim) ===
Lambda Trade-off: 1.0
