==================== Training Configuration ====================
dataset: ML1m
hiddenSize: 100
epoch: 20
batch_size: 32
lr: 0.001
lr_dc: 0.1
lr_dc_step: 3
l2: 1e-05
n_layers: 2
n_heads: 2
dropout_local: 0.2
max_len: 200
mask_prob: 0.2
patience: 3
rgrec_weight: 0.2
===============================================================
Found pre-trained model. Loading...

=== RGRec Evaluation Phase ===
RGRec Nudge Weight (w): 0.2

========================= BASE MODEL (SASRec) =========================
Total Contexts: 6035
---------------------------------------------------------------------------
Metric       | Global Avg | Top 20% HD   | Top 10% HD   | Top 5% HD   
---------------------------------------------------------------------------
Recall@5     | 0.1084     | 0.1135       | 0.1192       | 0.1457      
MRR@5        | 0.0543     | 0.0524       | 0.0486       | 0.0617      
TCC@5        | 0.3492     | 0.6126       | 0.6861       | 0.7179      
Recall@10    | 0.1775     | 0.2013       | 0.2185       | 0.2616      
MRR@10       | 0.0632     | 0.0637       | 0.0612       | 0.0762      
TCC@10       | 0.3362     | 0.6003       | 0.6742       | 0.7076      
---------------------------------------------------------------------------
Avg HD (Top 5%): 0.88
===========================================================================


========================= RGRec (w=0.2) =========================
Total Contexts: 6035
---------------------------------------------------------------------------
Metric       | Global Avg | Top 20% HD   | Top 10% HD   | Top 5% HD   
---------------------------------------------------------------------------
Recall@5     | 0.0756     | 0.0829       | 0.0811       | 0.1093      
MRR@5        | 0.0337     | 0.0359       | 0.0354       | 0.0493      
TCC@5        | 0.1564     | 0.3254       | 0.4275       | 0.5093      
Recall@10    | 0.1586     | 0.1748       | 0.1954       | 0.2351      
MRR@10       | 0.0446     | 0.0475       | 0.0497       | 0.0647      
TCC@10       | 0.2736     | 0.4978       | 0.5795       | 0.6424      
---------------------------------------------------------------------------
Avg HD (Top 5%): 0.88
===========================================================================

