==================== Training Configuration ====================
dataset: Steam
hiddenSize: 100
epoch: 20
batch_size: 32
lr: 0.001
lr_dc: 0.1
lr_dc_step: 3
l2: 1e-05
n_layers: 2
n_heads: 2
dropout_local: 0.2
max_len: 200
mask_prob: 0.2
patience: 3
rgrec_weight: 0.2
===============================================================
Found pre-trained model. Loading...

=== RGRec Evaluation Phase ===
RGRec Nudge Weight (w): 0.2

========================= BASE MODEL (SASRec) =========================
Total Contexts: 39795
---------------------------------------------------------------------------
Metric       | Global Avg | Top 20% HD   | Top 10% HD   | Top 5% HD   
---------------------------------------------------------------------------
Recall@5     | 0.0957     | 0.1000       | 0.0930       | 0.0960      
MRR@5        | 0.0697     | 0.0739       | 0.0697       | 0.0704      
TCC@5        | 0.3600     | 0.4850       | 0.5283       | 0.5774      
Recall@10    | 0.1294     | 0.1337       | 0.1296       | 0.1367      
MRR@10       | 0.0741     | 0.0783       | 0.0745       | 0.0758      
TCC@10       | 0.3458     | 0.4610       | 0.5048       | 0.5549      
---------------------------------------------------------------------------
Avg HD (Top 5%): 0.64
===========================================================================


========================= RGRec (w=0.2) =========================
Total Contexts: 39795
---------------------------------------------------------------------------
Metric       | Global Avg | Top 20% HD   | Top 10% HD   | Top 5% HD   
---------------------------------------------------------------------------
Recall@5     | 0.0833     | 0.0901       | 0.0852       | 0.0844      
MRR@5        | 0.0351     | 0.0387       | 0.0348       | 0.0358      
TCC@5        | 0.1035     | 0.1372       | 0.1446       | 0.1527      
Recall@10    | 0.1260     | 0.1308       | 0.1271       | 0.1342      
MRR@10       | 0.0408     | 0.0442       | 0.0404       | 0.0424      
TCC@10       | 0.2907     | 0.3775       | 0.4014       | 0.4272      
---------------------------------------------------------------------------
Avg HD (Top 5%): 0.64
===========================================================================

