==================== Training Configuration ====================
dataset: Steam
hiddenSize: 100
epoch: 20
batch_size: 128
lr: 0.001
lr_dc: 0.1
lr_dc_step: 3
l2: 1e-05
n_layers: 2
n_heads: 2
dropout_local: 0.2
max_len: 200
mask_prob: 0.2
validation: False
valid_portion: 0.1
patience: 3
Ib: 1.0
lambda_b: 0.01
===============================================================
Found pre-trained model at ../../checkpoints/sasrec_best_model_Steam.pth. Loading...

=== Evaluation Phase: Stratified Risk Analysis ===

========================= BASE MODEL (SASRec) =========================
Total Contexts: 1488103
---------------------------------------------------------------------------
Metric       | Global Avg | Top 20% HD   | Top 10% HD   | Top 5% HD   
---------------------------------------------------------------------------
Recall@5     | 0.1523     | 0.1581       | 0.1576       | 0.1597      
Recall@10    | 0.1950     | 0.2048       | 0.2063       | 0.2095      
MRR@5        | 0.1155     | 0.1175       | 0.1156       | 0.1151      
MRR@10       | 0.1211     | 0.1236       | 0.1220       | 0.1217      
TCC@5        | 0.3260     | 0.4522       | 0.5122       | 0.5575      
TCC@10       | 0.3107     | 0.4256       | 0.4817       | 0.5242      
---------------------------------------------------------------------------
Avg HD (Top 5%): 0.72
===========================================================================


========================= CALIBRATED (Lambda=0.01) =========================
Total Contexts: 1488103
---------------------------------------------------------------------------
Metric       | Global Avg | Top 20% HD   | Top 10% HD   | Top 5% HD   
---------------------------------------------------------------------------
Recall@5     | 0.0770     | 0.0832       | 0.0775       | 0.0775      
Recall@10    | 0.1017     | 0.1111       | 0.1053       | 0.1063      
MRR@5        | 0.0540     | 0.0576       | 0.0522       | 0.0512      
MRR@10       | 0.0572     | 0.0613       | 0.0558       | 0.0550      
TCC@5        | 0.0057     | 0.0080       | 0.0069       | 0.0078      
TCC@10       | 0.0042     | 0.0053       | 0.0046       | 0.0055      
---------------------------------------------------------------------------
Avg HD (Top 5%): 0.72
===========================================================================

